# JRE version: OpenJDK Runtime Environment Temurin-21.0.10+7 (21.0.10+7) (build 21.0.10+7-LTS)
# Java VM: OpenJDK 64-Bit Server VM Temurin-21.0.10+7 (21.0.10+7-LTS, mixed mode, sharing, tiered, compressed oops, compressed class ptrs, parallel gc, windows-amd64)
GC Precious Log:
 CardTable entry size: 512
 CPUs: 12 total, 12 available
 Memory: 16313M
 Large Page Support: Disabled
 NUMA Support: Disabled
 Compressed Oops: Enabled (32-bit)
 Alignments: Space 512K, Generation 512K, Heap 2M
 Heap Min Capacity: 100M
 Heap Initial Capacity: 100M
 Heap Max Capacity: 2G
 Pre-touch: Disabled
 Parallel Workers: 10
Heap:
 PSYoungGen      total 2560K, used 2400K [0x00000000d5580000, 0x00000000d5980000, 0x0000000100000000)
  eden space 2048K, 100% used [0x00000000d5580000,0x00000000d5780000,0x00000000d5780000)
  from space 512K, 68% used [0x00000000d5900000,0x00000000d5958000,0x00000000d5980000)
  to   space 512K, 75% used [0x00000000d5880000,0x00000000d58e0000,0x00000000d5900000)
 ParOldGen       total 562688K, used 562292K [0x0000000080000000, 0x00000000a2580000, 0x00000000d5580000)
  object space 562688K, 99% used [0x0000000080000000,0x00000000a251d3d8,0x00000000a2580000)
 Metaspace       used 81132K, committed 82688K, reserved 1179648K
  class space    used 9913K, committed 10624K, reserved 1048576K
GC Heap History (20 events):
Event: 177.614 GC heap before
{Heap before GC invocations=846 (full 3):
 PSYoungGen      total 2560K, used 2413K [0x00000000d5580000, 0x00000000d5980000, 0x0000000100000000)
  eden space 2048K, 100% used [0x00000000d5580000,0x00000000d5780000,0x00000000d5780000)
  from space 512K, 71% used [0x00000000d5900000,0x00000000d595b690,0x00000000d5980000)
  to   space 1024K, 0% used [0x00000000d5780000,0x00000000d5780000,0x00000000d5880000)
 ParOldGen       total 559616K, used 559169K [0x0000000080000000, 0x00000000a2280000, 0x00000000d5580000)
  object space 559616K, 99% used [0x0000000080000000,0x00000000a2210608,0x00000000a2280000)
 Metaspace       used 79791K, committed 81408K, reserved 1179648K
  class space    used 9799K, committed 10560K, reserved 1048576K
}
Event: 177.615 GC heap after
{Heap after GC invocations=846 (full 3):
 PSYoungGen      total 3072K, used 990K [0x00000000d5580000, 0x00000000d5a80000, 0x0000000100000000)
  eden space 2048K, 0% used [0x00000000d5580000,0x00000000d5580000,0x00000000d5780000)
  from space 1024K, 96% used [0x00000000d5780000,0x00000000d5877a60,0x00000000d5880000)
  to   space 1536K, 0% used [0x00000000d5900000,0x00000000d5900000,0x00000000d5a80000)
 ParOldGen       total 559616K, used 559225K [0x0000000080000000, 0x00000000a2280000, 0x00000000d5580000)
  object space 559616K, 99% used [0x0000000080000000,0x00000000a221e608,0x00000000a2280000)
 Metaspace       used 79791K, committed 81408K, reserved 1179648K
  class space    used 9799K, committed 10560K, reserved 1048576K
}
Event: 177.619 GC heap before
{Heap before GC invocations=847 (full 3):
 PSYoungGen      total 3072K, used 3038K [0x00000000d5580000, 0x00000000d5a80000, 0x0000000100000000)
  eden space 2048K, 100% used [0x00000000d5580000,0x00000000d5780000,0x00000000d5780000)
  from space 1024K, 96% used [0x00000000d5780000,0x00000000d5877a60,0x00000000d5880000)
  to   space 1536K, 0% used [0x00000000d5900000,0x00000000d5900000,0x00000000d5a80000)
 ParOldGen       total 559616K, used 559225K [0x0000000080000000, 0x00000000a2280000, 0x00000000d5580000)
  object space 559616K, 99% used [0x0000000080000000,0x00000000a221e608,0x00000000a2280000)
 Metaspace       used 79791K, committed 81408K, reserved 1179648K
  class space    used 9799K, committed 10560K, reserved 1048576K
}
Event: 177.621 GC heap after
{Heap after GC invocations=847 (full 3):
 PSYoungGen      total 3584K, used 1214K [0x00000000d5580000, 0x00000000d5b00000, 0x0000000100000000)
  eden space 2048K, 0% used [0x00000000d5580000,0x00000000d5580000,0x00000000d5780000)
  from space 1536K, 79% used [0x00000000d5900000,0x00000000d5a2fa90,0x00000000d5a80000)
  to   space 1536K, 0% used [0x00000000d5780000,0x00000000d5780000,0x00000000d5900000)
 ParOldGen       total 559616K, used 559273K [0x0000000080000000, 0x00000000a2280000, 0x00000000d5580000)
  object space 559616K, 99% used [0x0000000080000000,0x00000000a222a608,0x00000000a2280000)
 Metaspace       used 79791K, committed 81408K, reserved 1179648K
  class space    used 9799K, committed 10560K, reserved 1048576K
}
Event: 177.626 GC heap before
{Heap before GC invocations=848 (full 3):
 PSYoungGen      total 3584K, used 3262K [0x00000000d5580000, 0x00000000d5b00000, 0x0000000100000000)
  eden space 2048K, 100% used [0x00000000d5580000,0x00000000d5780000,0x00000000d5780000)
  from space 1536K, 79% used [0x00000000d5900000,0x00000000d5a2fa90,0x00000000d5a80000)
  to   space 1536K, 0% used [0x00000000d5780000,0x00000000d5780000,0x00000000d5900000)
 ParOldGen       total 559616K, used 559273K [0x0000000080000000, 0x00000000a2280000, 0x00000000d5580000)
  object space 559616K, 99% used [0x0000000080000000,0x00000000a222a608,0x00000000a2280000)
 Metaspace       used 79791K, committed 81408K, reserved 1179648K
  class space    used 9799K, committed 10560K, reserved 1048576K
}
Event: 177.627 GC heap after
{Heap after GC invocations=848 (full 3):
 PSYoungGen      total 3584K, used 1472K [0x00000000d5580000, 0x00000000d5b00000, 0x0000000100000000)
  eden space 2048K, 0% used [0x00000000d5580000,0x00000000d5580000,0x00000000d5780000)
  from space 1536K, 95% used [0x00000000d5780000,0x00000000d58f03c8,0x00000000d5900000)
  to   space 1536K, 0% used [0x00000000d5980000,0x00000000d5980000,0x00000000d5b00000)
 ParOldGen       total 559616K, used 559273K [0x0000000080000000, 0x00000000a2280000, 0x00000000d5580000)
  object space 559616K, 99% used [0x0000000080000000,0x00000000a222a608,0x00000000a2280000)
 Metaspace       used 79791K, committed 81408K, reserved 1179648K
  class space    used 9799K, committed 10560K, reserved 1048576K
}
Event: 177.644 GC heap before
{Heap before GC invocations=849 (full 3):
 PSYoungGen      total 3584K, used 3334K [0x00000000d5580000, 0x00000000d5b00000, 0x0000000100000000)
  eden space 2048K, 90% used [0x00000000d5580000,0x00000000d5751790,0x00000000d5780000)
  from space 1536K, 95% used [0x00000000d5780000,0x00000000d58f03c8,0x00000000d5900000)
  to   space 1536K, 0% used [0x00000000d5980000,0x00000000d5980000,0x00000000d5b00000)
 ParOldGen       total 559616K, used 559273K [0x0000000080000000, 0x00000000a2280000, 0x00000000d5580000)
  object space 559616K, 99% used [0x0000000080000000,0x00000000a222a608,0x00000000a2280000)
 Metaspace       used 79792K, committed 81408K, reserved 1179648K
  class space    used 9799K, committed 10560K, reserved 1048576K
}
Event: 177.646 GC heap after
{Heap after GC invocations=849 (full 3):
 PSYoungGen      total 3584K, used 1442K [0x00000000d5580000, 0x00000000d5b00000, 0x0000000100000000)
  eden space 2048K, 0% used [0x00000000d5580000,0x00000000d5580000,0x00000000d5780000)
  from space 1536K, 93% used [0x00000000d5980000,0x00000000d5ae8928,0x00000000d5b00000)
  to   space 1536K, 0% used [0x00000000d5780000,0x00000000d5780000,0x00000000d5900000)
 ParOldGen       total 559616K, used 559353K [0x0000000080000000, 0x00000000a2280000, 0x00000000d5580000)
  object space 559616K, 99% used [0x0000000080000000,0x00000000a223e608,0x00000000a2280000)
 Metaspace       used 79792K, committed 81408K, reserved 1179648K
  class space    used 9799K, committed 10560K, reserved 1048576K
}
Event: 177.660 GC heap before
{Heap before GC invocations=850 (full 3):
 PSYoungGen      total 3584K, used 3490K [0x00000000d5580000, 0x00000000d5b00000, 0x0000000100000000)
  eden space 2048K, 100% used [0x00000000d5580000,0x00000000d5780000,0x00000000d5780000)
  from space 1536K, 93% used [0x00000000d5980000,0x00000000d5ae8928,0x00000000d5b00000)
  to   space 1536K, 0% used [0x00000000d5780000,0x00000000d5780000,0x00000000d5900000)
 ParOldGen       total 559616K, used 559353K [0x0000000080000000, 0x00000000a2280000, 0x00000000d5580000)
  object space 559616K, 99% used [0x0000000080000000,0x00000000a223e608,0x00000000a2280000)
 Metaspace       used 80071K, committed 81664K, reserved 1179648K
  class space    used 9815K, committed 10560K, reserved 1048576K
}
Event: 177.662 GC heap after
{Heap after GC invocations=850 (full 3):
 PSYoungGen      total 3584K, used 256K [0x00000000d5580000, 0x00000000d5a00000, 0x0000000100000000)
  eden space 2048K, 0% used [0x00000000d5580000,0x00000000d5580000,0x00000000d5780000)
  from space 1536K, 16% used [0x00000000d5780000,0x00000000d57c0000,0x00000000d5900000)
  to   space 1024K, 0% used [0x00000000d5900000,0x00000000d5900000,0x00000000d5a00000)
 ParOldGen       total 559616K, used 559361K [0x0000000080000000, 0x00000000a2280000, 0x00000000d5580000)
  object space 559616K, 99% used [0x0000000080000000,0x00000000a2240608,0x00000000a2280000)
 Metaspace       used 80071K, committed 81664K, reserved 1179648K
  class space    used 9815K, committed 10560K, reserved 1048576K
}
Event: 177.706 GC heap before
{Heap before GC invocations=851 (full 3):
 PSYoungGen      total 3584K, used 2304K [0x00000000d5580000, 0x00000000d5a00000, 0x0000000100000000)
  eden space 2048K, 100% used [0x00000000d5580000,0x00000000d5780000,0x00000000d5780000)
  from space 1536K, 16% used [0x00000000d5780000,0x00000000d57c0000,0x00000000d5900000)
  to   space 1024K, 0% used [0x00000000d5900000,0x00000000d5900000,0x00000000d5a00000)
 ParOldGen       total 559616K, used 559361K [0x0000000080000000, 0x00000000a2280000, 0x00000000d5580000)
  object space 559616K, 99% used [0x0000000080000000,0x00000000a2240608,0x00000000a2280000)
 Metaspace       used 80407K, committed 81984K, reserved 1179648K
  class space    used 9853K, committed 10560K, reserved 1048576K
}
Event: 177.707 GC heap after
{Heap after GC invocations=851 (full 3):
 PSYoungGen      total 2560K, used 288K [0x00000000d5580000, 0x00000000d5980000, 0x0000000100000000)
  eden space 2048K, 0% used [0x00000000d5580000,0x00000000d5580000,0x00000000d5780000)
  from space 512K, 56% used [0x00000000d5900000,0x00000000d5948000,0x00000000d5980000)
  to   space 512K, 0% used [0x00000000d5880000,0x00000000d5880000,0x00000000d5900000)
 ParOldGen       total 559616K, used 559433K [0x0000000080000000, 0x00000000a2280000, 0x00000000d5580000)
  object space 559616K, 99% used [0x0000000080000000,0x00000000a2252608,0x00000000a2280000)
 Metaspace       used 80407K, committed 81984K, reserved 1179648K
  class space    used 9853K, committed 10560K, reserved 1048576K
}
Event: 177.742 GC heap before
{Heap before GC invocations=852 (full 3):
 PSYoungGen      total 2560K, used 2336K [0x00000000d5580000, 0x00000000d5980000, 0x0000000100000000)
  eden space 2048K, 100% used [0x00000000d5580000,0x00000000d5780000,0x00000000d5780000)
  from space 512K, 56% used [0x00000000d5900000,0x00000000d5948000,0x00000000d5980000)
  to   space 512K, 0% used [0x00000000d5880000,0x00000000d5880000,0x00000000d5900000)
 ParOldGen       total 559616K, used 559433K [0x0000000080000000, 0x00000000a2280000, 0x00000000d5580000)
  object space 559616K, 99% used [0x0000000080000000,0x00000000a2252608,0x00000000a2280000)
 Metaspace       used 80753K, committed 82368K, reserved 1179648K
  class space    used 9893K, committed 10624K, reserved 1048576K
}
Event: 177.743 GC heap after
{Heap after GC invocations=852 (full 3):
 PSYoungGen      total 2560K, used 288K [0x00000000d5580000, 0x00000000d5980000, 0x0000000100000000)
  eden space 2048K, 0% used [0x00000000d5580000,0x00000000d5580000,0x00000000d5780000)
  from space 512K, 56% used [0x00000000d5880000,0x00000000d58c8000,0x00000000d5900000)
  to   space 512K, 0% used [0x00000000d5900000,0x00000000d5900000,0x00000000d5980000)
 ParOldGen       total 559616K, used 559489K [0x0000000080000000, 0x00000000a2280000, 0x00000000d5580000)
  object space 559616K, 99% used [0x0000000080000000,0x00000000a2260608,0x00000000a2280000)
 Metaspace       used 80753K, committed 82368K, reserved 1179648K
  class space    used 9893K, committed 10624K, reserved 1048576K
}
Event: 177.827 GC heap before
{Heap before GC invocations=853 (full 3):
 PSYoungGen      total 2560K, used 2326K [0x00000000d5580000, 0x00000000d5980000, 0x0000000100000000)
  eden space 2048K, 99% used [0x00000000d5580000,0x00000000d577dbc8,0x00000000d5780000)
  from space 512K, 56% used [0x00000000d5880000,0x00000000d58c8000,0x00000000d5900000)
  to   space 512K, 0% used [0x00000000d5900000,0x00000000d5900000,0x00000000d5980000)
 ParOldGen       total 559616K, used 559489K [0x0000000080000000, 0x00000000a2280000, 0x00000000d5580000)
  object space 559616K, 99% used [0x0000000080000000,0x00000000a2260608,0x00000000a2280000)
 Metaspace       used 80895K, committed 82496K, reserved 1179648K
  class space    used 9900K, committed 10624K, reserved 1048576K
}
Event: 177.829 GC heap after
{Heap after GC invocations=853 (full 3):
 PSYoungGen      total 2560K, used 512K [0x00000000d5580000, 0x00000000d5980000, 0x0000000100000000)
  eden space 2048K, 0% used [0x00000000d5580000,0x00000000d5580000,0x00000000d5780000)
  from space 512K, 100% used [0x00000000d5900000,0x00000000d5980000,0x00000000d5980000)
  to   space 1024K, 0% used [0x00000000d5780000,0x00000000d5780000,0x00000000d5880000)
 ParOldGen       total 559616K, used 559553K [0x0000000080000000, 0x00000000a2280000, 0x00000000d5580000)
  object space 559616K, 99% used [0x0000000080000000,0x00000000a2270608,0x00000000a2280000)
 Metaspace       used 80895K, committed 82496K, reserved 1179648K
  class space    used 9900K, committed 10624K, reserved 1048576K
}
Event: 177.835 GC heap before
{Heap before GC invocations=854 (full 3):
 PSYoungGen      total 2560K, used 2559K [0x00000000d5580000, 0x00000000d5980000, 0x0000000100000000)
  eden space 2048K, 99% used [0x00000000d5580000,0x00000000d577ffe8,0x00000000d5780000)
  from space 512K, 100% used [0x00000000d5900000,0x00000000d5980000,0x00000000d5980000)
  to   space 1024K, 0% used [0x00000000d5780000,0x00000000d5780000,0x00000000d5880000)
 ParOldGen       total 559616K, used 559553K [0x0000000080000000, 0x00000000a2280000, 0x00000000d5580000)
  object space 559616K, 99% used [0x0000000080000000,0x00000000a2270608,0x00000000a2280000)
 Metaspace       used 80895K, committed 82496K, reserved 1179648K
  class space    used 9900K, committed 10624K, reserved 1048576K
}
Event: 177.837 GC heap after
{Heap after GC invocations=854 (full 3):
 PSYoungGen      total 3072K, used 384K [0x00000000d5580000, 0x00000000d5980000, 0x0000000100000000)
  eden space 2048K, 0% used [0x00000000d5580000,0x00000000d5580000,0x00000000d5780000)
  from space 1024K, 37% used [0x00000000d5780000,0x00000000d57e0000,0x00000000d5880000)
  to   space 512K, 0% used [0x00000000d5900000,0x00000000d5900000,0x00000000d5980000)
 ParOldGen       total 560128K, used 560025K [0x0000000080000000, 0x00000000a2300000, 0x00000000d5580000)
  object space 560128K, 99% used [0x0000000080000000,0x00000000a22e6608,0x00000000a2300000)
 Metaspace       used 80895K, committed 82496K, reserved 1179648K
  class space    used 9900K, committed 10624K, reserved 1048576K
}
Event: 177.908 GC heap before
{Heap before GC invocations=855 (full 3):
 PSYoungGen      total 3072K, used 2432K [0x00000000d5580000, 0x00000000d5980000, 0x0000000100000000)
  eden space 2048K, 100% used [0x00000000d5580000,0x00000000d5780000,0x00000000d5780000)
  from space 1024K, 37% used [0x00000000d5780000,0x00000000d57e0000,0x00000000d5880000)
  to   space 512K, 0% used [0x00000000d5900000,0x00000000d5900000,0x00000000d5980000)
 ParOldGen       total 560128K, used 560025K [0x0000000080000000, 0x00000000a2300000, 0x00000000d5580000)
  object space 560128K, 99% used [0x0000000080000000,0x00000000a22e6608,0x00000000a2300000)
 Metaspace       used 80946K, committed 82496K, reserved 1179648K
  class space    used 9903K, committed 10624K, reserved 1048576K
}
Event: 177.909 GC heap after
{Heap after GC invocations=855 (full 3):
 PSYoungGen      total 2560K, used 480K [0x00000000d5580000, 0x00000000d5980000, 0x0000000100000000)
  eden space 2048K, 0% used [0x00000000d5580000,0x00000000d5580000,0x00000000d5780000)
  from space 512K, 93% used [0x00000000d5900000,0x00000000d5978000,0x00000000d5980000)
  to   space 512K, 0% used [0x00000000d5880000,0x00000000d5880000,0x00000000d5900000)
 ParOldGen       total 560640K, used 560289K [0x0000000080000000, 0x00000000a2380000, 0x00000000d5580000)
  object space 560640K, 99% used [0x0000000080000000,0x00000000a2328608,0x00000000a2380000)
 Metaspace       used 80946K, committed 82496K, reserved 1179648K
  class space    used 9903K, committed 10624K, reserved 1048576K
}

